0 info it worked if it ends with ok
1 verbose cli [ 'node', '/usr/bin/npm', 'install', 'krasimir/absurd' ]
2 info using npm@2.0.2
3 info using node@v0.10.32
4 verbose node symlink /usr/bin/node
5 verbose readDependencies using package.json deps
6 verbose cache add [ 'krasimir/absurd', null ]
7 verbose cache add spec="krasimir/absurd" args=["krasimir/absurd",null]
8 verbose parsed spec { raw: 'krasimir/absurd',
8 verbose parsed spec   scope: null,
8 verbose parsed spec   name: null,
8 verbose parsed spec   rawSpec: 'krasimir/absurd',
8 verbose parsed spec   spec: 'krasimir/absurd',
8 verbose parsed spec   type: 'github' }
9 verbose parsed spec { raw: 'krasimir/absurd',
9 verbose parsed spec   scope: null,
9 verbose parsed spec   name: null,
9 verbose parsed spec   rawSpec: 'krasimir/absurd',
9 verbose parsed spec   spec: 'krasimir/absurd',
9 verbose parsed spec   type: 'github' }
10 info maybeGithub Attempting krasimir/absurd from git://github.com/krasimir/absurd
11 verbose addRemoteGit u="git://github.com/krasimir/absurd" silent=true
12 silly addRemoteGit parsed { protocol: 'git:',
12 silly addRemoteGit   slashes: true,
12 silly addRemoteGit   auth: null,
12 silly addRemoteGit   host: 'github.com',
12 silly addRemoteGit   port: null,
12 silly addRemoteGit   hostname: 'github.com',
12 silly addRemoteGit   hash: null,
12 silly addRemoteGit   search: '',
12 silly addRemoteGit   query: {},
12 silly addRemoteGit   pathname: '/krasimir/absurd',
12 silly addRemoteGit   path: '/krasimir/absurd',
12 silly addRemoteGit   href: 'git://github.com/krasimir/absurd' }
13 silly lockFile 83bc4b72-git-github-com-krasimir-absurd git://github.com/krasimir/absurd
14 verbose lock git://github.com/krasimir/absurd /home/sylvain/.npm/83bc4b72-git-github-com-krasimir-absurd.lock
15 verbose addRemoteGit [ 'git://github.com/krasimir/absurd', 'master' ]
16 silly lockFile 83bc4b72-git-github-com-krasimir-absurd git://github.com/krasimir/absurd
17 silly lockFile 83bc4b72-git-github-com-krasimir-absurd git://github.com/krasimir/absurd
18 info maybeGithub Attempting krasimir/absurd from git+ssh://git@github.com:krasimir/absurd
19 verbose addRemoteGit u="git+ssh://git@github.com:krasimir/absurd" silent=false
20 silly addRemoteGit parsed { protocol: 'git+ssh:',
20 silly addRemoteGit   slashes: true,
20 silly addRemoteGit   auth: 'git',
20 silly addRemoteGit   host: 'github.com',
20 silly addRemoteGit   port: null,
20 silly addRemoteGit   hostname: 'github.com',
20 silly addRemoteGit   hash: null,
20 silly addRemoteGit   search: '',
20 silly addRemoteGit   query: {},
20 silly addRemoteGit   pathname: '/:krasimir/absurd',
20 silly addRemoteGit   path: '/:krasimir/absurd',
20 silly addRemoteGit   href: 'git+ssh://git@github.com/:krasimir/absurd' }
21 silly lockFile 8c38f659-git-github-com-krasimir-absurd git@github.com:krasimir/absurd
22 verbose lock git@github.com:krasimir/absurd /home/sylvain/.npm/8c38f659-git-github-com-krasimir-absurd.lock
23 verbose addRemoteGit [ 'git@github.com:krasimir/absurd', 'master' ]
24 silly lockFile 8c38f659-git-github-com-krasimir-absurd git@github.com:krasimir/absurd
25 silly lockFile 8c38f659-git-github-com-krasimir-absurd git@github.com:krasimir/absurd
26 verbose stack Error: EACCES, mkdir '/home/sylvain/.npm/_git-remotes/git-github-com-krasimir-absurd-8c38f659'
27 verbose cwd /media/sylvain/data/projects/ksf
28 error Linux 3.13.0-36-generic
29 error argv "node" "/usr/bin/npm" "install" "krasimir/absurd"
30 error node v0.10.32
31 error npm  v2.0.2
32 error path /home/sylvain/.npm/_git-remotes/git-github-com-krasimir-absurd-8c38f659
33 error code EACCES
34 error errno 3
35 error Error: EACCES, mkdir '/home/sylvain/.npm/_git-remotes/git-github-com-krasimir-absurd-8c38f659'
35 error  { [Error: EACCES, mkdir '/home/sylvain/.npm/_git-remotes/git-github-com-krasimir-absurd-8c38f659']
35 error   errno: 3,
35 error   code: 'EACCES',
35 error   path: '/home/sylvain/.npm/_git-remotes/git-github-com-krasimir-absurd-8c38f659',
35 error   parent: 'ksf' }
36 error Please try running this command again as root/Administrator.
37 verbose exit [ 3, true ]
